2020-10-26 14:36:45.759 INFO [main][UiocApplication.java:42] - com.cx.uioc.UiocApplication.main []
2020-10-26 14:36:46.169 INFO [main][StartupInfoLogger.java:55] - Starting UiocApplication on DESKTOP-KIUTBBO with PID 20120 (C:\Users\pgiri\OneDrive\Desktop\musicstoreservice\target\classes started by pgiri in C:\Users\pgiri\OneDrive\Desktop\musicstoreservice)
2020-10-26 14:36:46.172 INFO [main][SpringApplication.java:651] - No active profile set, falling back to default profiles: default
2020-10-26 14:36:48.182 INFO [main][PaypalConfig.java:53] - com.cx.uioc.configuration.PaypalConfig.apiContext []
2020-10-26 14:36:48.183 INFO [main][PaypalConfig.java:44] - com.cx.uioc.configuration.PaypalConfig.oAuthTokenCredential []
2020-10-26 14:36:48.184 INFO [main][PaypalConfig.java:33] - com.cx.uioc.configuration.PaypalConfig.paypalSdkConfig []
2020-10-26 14:52:22.509 INFO [main][UiocApplication.java:42] - com.cx.uioc.UiocApplication.main []
2020-10-26 14:52:22.774 INFO [main][StartupInfoLogger.java:55] - Starting UiocApplication on DESKTOP-KIUTBBO with PID 21772 (C:\Users\pgiri\OneDrive\Desktop\musicstoreservice\target\classes started by pgiri in C:\Users\pgiri\OneDrive\Desktop\musicstoreservice)
2020-10-26 14:52:22.776 INFO [main][SpringApplication.java:651] - No active profile set, falling back to default profiles: default
2020-10-26 14:52:24.506 INFO [main][PaypalConfig.java:53] - com.cx.uioc.configuration.PaypalConfig.apiContext []
2020-10-26 14:52:24.506 INFO [main][PaypalConfig.java:44] - com.cx.uioc.configuration.PaypalConfig.oAuthTokenCredential []
2020-10-26 14:52:24.507 INFO [main][PaypalConfig.java:33] - com.cx.uioc.configuration.PaypalConfig.paypalSdkConfig []
2020-10-26 14:52:26.916 INFO [main][EventListenerBean.java:43] - com.cx.uioc.EventListenerBean.onApplicationEventRegisterAdministrator[({event})]
2020-10-26 14:52:27.001 INFO [main][SystemUserService.java:101] - com.cx.uioc.service.SystemUserService.addSuperAdmin [systemUserEntity(SystemUserEntity(id=admin, name=root, password=$2a$10$JYCwSdkoANm5oNV7/xderOkHD8jx.hO/noZ58CzQ75p/8fDLq1QQu, email=admin@123.com, roles=[SUPERADMIN]))]
2020-10-26 14:52:27.210 INFO [main][StartupInfoLogger.java:61] - Started UiocApplication in 4.65 seconds (JVM running for 5.33)
2020-10-26 15:10:56.526 INFO [main][UiocApplication.java:42] - com.cx.uioc.UiocApplication.main []
2020-10-26 15:10:56.841 INFO [main][StartupInfoLogger.java:55] - Starting UiocApplication on DESKTOP-KIUTBBO with PID 20804 (C:\Users\pgiri\OneDrive\Desktop\musicstoreservice\target\classes started by pgiri in C:\Users\pgiri\OneDrive\Desktop\musicstoreservice)
2020-10-26 15:10:56.843 INFO [main][SpringApplication.java:651] - No active profile set, falling back to default profiles: default
2020-10-26 15:10:58.734 INFO [main][PaypalConfig.java:53] - com.cx.uioc.configuration.PaypalConfig.apiContext []
2020-10-26 15:10:58.735 INFO [main][PaypalConfig.java:44] - com.cx.uioc.configuration.PaypalConfig.oAuthTokenCredential []
2020-10-26 15:10:58.735 INFO [main][PaypalConfig.java:33] - com.cx.uioc.configuration.PaypalConfig.paypalSdkConfig []
2020-10-26 15:11:25.347 INFO [main][UiocApplication.java:42] - com.cx.uioc.UiocApplication.main []
2020-10-26 15:11:25.606 INFO [main][StartupInfoLogger.java:55] - Starting UiocApplication on DESKTOP-KIUTBBO with PID 16980 (C:\Users\pgiri\OneDrive\Desktop\musicstoreservice\target\classes started by pgiri in C:\Users\pgiri\OneDrive\Desktop\musicstoreservice)
2020-10-26 15:11:25.608 INFO [main][SpringApplication.java:651] - No active profile set, falling back to default profiles: default
2020-10-26 15:11:27.227 INFO [main][PaypalConfig.java:53] - com.cx.uioc.configuration.PaypalConfig.apiContext []
2020-10-26 15:11:27.227 INFO [main][PaypalConfig.java:44] - com.cx.uioc.configuration.PaypalConfig.oAuthTokenCredential []
2020-10-26 15:11:27.228 INFO [main][PaypalConfig.java:33] - com.cx.uioc.configuration.PaypalConfig.paypalSdkConfig []
2020-10-26 15:11:29.044 INFO [main][EventListenerBean.java:43] - com.cx.uioc.EventListenerBean.onApplicationEventRegisterAdministrator[({event})]
2020-10-26 15:11:29.126 INFO [main][SystemUserService.java:101] - com.cx.uioc.service.SystemUserService.addSuperAdmin [systemUserEntity(SystemUserEntity(id=admin, name=root, password=$2a$10$6AAYl3k4EOpF6iuM.eI4seOqxin0utFbutu8hdqI601AcnmeuNYtW, email=admin@123.com, roles=[SUPERADMIN]))]
2020-10-26 15:11:29.267 INFO [main][StartupInfoLogger.java:61] - Started UiocApplication in 3.867 seconds (JVM running for 4.549)
